<?xml version="1.0" encoding="UTF-8"?>
<!-- Generated by org.testng.reporters.JUnitReportReporter -->
<testsuite hostname="DESKTOP-Q8MT7AK" failures="0" tests="2" name="neoStoxTestClass.ValidteUserName" time="83.934" errors="0" timestamp="2022-12-17T07:07:19 IST" skipped="0">
  <testcase classname="neoStoxTestClass.ValidteUserName" name="gettingBalance" time="57.495"/>
  <system-out>
    <![CDATA[Getting Balance...
Actual Balance isRs.5,00,000.00...]]>
  </system-out>
  <testcase classname="neoStoxTestClass.ValidteUserName" name="validateUserName" time="26.439"/>
  <system-out>
    <![CDATA[real User Name is Shoaib Pathan]]>
  </system-out>
</testsuite> <!-- neoStoxTestClass.ValidteUserName -->
